<?xml version="1.0" encoding="UTF-8"?>
<testsuite name="com.bl.demo.UserRegistrationPasswordTest" tests="6" skipped="0" failures="0" errors="0" timestamp="2020-04-21T22:28:14" hostname="DESKTOP-196HMRI" time="0.01">
  <properties/>
  <testcase name="testPasses_ifInput_DoesNotMatchesPasswordRule1" classname="com.bl.demo.UserRegistrationPasswordTest" time="0.002"/>
  <testcase name="testPasses_ifInput_DoesNotMatchesPasswordRule2" classname="com.bl.demo.UserRegistrationPasswordTest" time="0.001"/>
  <testcase name="testPasses_ifInput_DoesNotMatchesPasswordRule3" classname="com.bl.demo.UserRegistrationPasswordTest" time="0.001"/>
  <testcase name="testPasses_ifInput_MatchesPasswordRule1" classname="com.bl.demo.UserRegistrationPasswordTest" time="0.001"/>
  <testcase name="testPasses_ifInput_MatchesPasswordRule2" classname="com.bl.demo.UserRegistrationPasswordTest" time="0.001"/>
  <testcase name="testPasses_ifInput_MatchesPasswordRule3" classname="com.bl.demo.UserRegistrationPasswordTest" time="0.0"/>
  <system-out><![CDATA[]]></system-out>
  <system-err><![CDATA[]]></system-err>
</testsuite>
