<?xml version="1.0" encoding="UTF-8"?>
<testsuite name="com.bl.demo.UserRegistrationPhoneNoTest" tests="5" skipped="0" failures="0" errors="0" timestamp="2020-04-21T22:06:59" hostname="DESKTOP-196HMRI" time="0.009">
  <properties/>
  <testcase name="validatePhoneNo[0]" classname="com.bl.demo.UserRegistrationPhoneNoTest" time="0.002"/>
  <testcase name="validatePhoneNo[1]" classname="com.bl.demo.UserRegistrationPhoneNoTest" time="0.002"/>
  <testcase name="validatePhoneNo[2]" classname="com.bl.demo.UserRegistrationPhoneNoTest" time="0.001"/>
  <testcase name="validatePhoneNo[3]" classname="com.bl.demo.UserRegistrationPhoneNoTest" time="0.001"/>
  <testcase name="validatePhoneNo[4]" classname="com.bl.demo.UserRegistrationPhoneNoTest" time="0.001"/>
  <system-out><![CDATA[]]></system-out>
  <system-err><![CDATA[]]></system-err>
</testsuite>
