<?xml version="1.0" encoding="UTF-8"?>
<testsuite name="com.bl.demo.UserRegistrationPasswordTest" tests="18" skipped="0" failures="0" errors="0" timestamp="2020-04-21T22:42:50" hostname="DESKTOP-196HMRI" time="0.027">
  <properties/>
  <testcase name="testPasses_ifInput_DoesNotMatchesPasswordRule1[0]" classname="com.bl.demo.UserRegistrationPasswordTest" time="0.001"/>
  <testcase name="testPasses_ifInput_DoesNotMatchesPasswordRule2[0]" classname="com.bl.demo.UserRegistrationPasswordTest" time="0.001"/>
  <testcase name="testPasses_ifInput_DoesNotMatchesPasswordRule3[0]" classname="com.bl.demo.UserRegistrationPasswordTest" time="0.0"/>
  <testcase name="testPasses_ifInput_MatchesPasswordRule1[0]" classname="com.bl.demo.UserRegistrationPasswordTest" time="0.0"/>
  <testcase name="testPasses_ifInput_MatchesPasswordRule2[0]" classname="com.bl.demo.UserRegistrationPasswordTest" time="0.0"/>
  <testcase name="testPasses_ifInput_MatchesPasswordRule3[0]" classname="com.bl.demo.UserRegistrationPasswordTest" time="0.0"/>
  <testcase name="testPasses_ifInput_DoesNotMatchesPasswordRule1[1]" classname="com.bl.demo.UserRegistrationPasswordTest" time="0.0"/>
  <testcase name="testPasses_ifInput_DoesNotMatchesPasswordRule2[1]" classname="com.bl.demo.UserRegistrationPasswordTest" time="0.0"/>
  <testcase name="testPasses_ifInput_DoesNotMatchesPasswordRule3[1]" classname="com.bl.demo.UserRegistrationPasswordTest" time="0.0"/>
  <testcase name="testPasses_ifInput_MatchesPasswordRule1[1]" classname="com.bl.demo.UserRegistrationPasswordTest" time="0.0"/>
  <testcase name="testPasses_ifInput_MatchesPasswordRule2[1]" classname="com.bl.demo.UserRegistrationPasswordTest" time="0.0"/>
  <testcase name="testPasses_ifInput_MatchesPasswordRule3[1]" classname="com.bl.demo.UserRegistrationPasswordTest" time="0.0"/>
  <testcase name="testPasses_ifInput_DoesNotMatchesPasswordRule1[2]" classname="com.bl.demo.UserRegistrationPasswordTest" time="0.0"/>
  <testcase name="testPasses_ifInput_DoesNotMatchesPasswordRule2[2]" classname="com.bl.demo.UserRegistrationPasswordTest" time="0.0"/>
  <testcase name="testPasses_ifInput_DoesNotMatchesPasswordRule3[2]" classname="com.bl.demo.UserRegistrationPasswordTest" time="0.0"/>
  <testcase name="testPasses_ifInput_MatchesPasswordRule1[2]" classname="com.bl.demo.UserRegistrationPasswordTest" time="0.01"/>
  <testcase name="testPasses_ifInput_MatchesPasswordRule2[2]" classname="com.bl.demo.UserRegistrationPasswordTest" time="0.0"/>
  <testcase name="testPasses_ifInput_MatchesPasswordRule3[2]" classname="com.bl.demo.UserRegistrationPasswordTest" time="0.0"/>
  <system-out><![CDATA[]]></system-out>
  <system-err><![CDATA[]]></system-err>
</testsuite>
