<?xml version="1.0" encoding="UTF-8"?>
<testsuite name="com.bl.demo.UserRegistrationPasswordTest" tests="1" skipped="0" failures="0" errors="0" timestamp="2020-04-21T22:18:49" hostname="DESKTOP-196HMRI" time="0.002">
  <properties/>
  <testcase name="testPasses_ifInput_DoesNotMatchesPasswordRule1" classname="com.bl.demo.UserRegistrationPasswordTest" time="0.002"/>
  <system-out><![CDATA[]]></system-out>
  <system-err><![CDATA[]]></system-err>
</testsuite>
