<?xml version="1.0" encoding="UTF-8"?>
<testsuite name="com.bl.demo.UserRegistrationTest" tests="2" skipped="0" failures="0" errors="0" timestamp="2020-04-21T19:35:42" hostname="DESKTOP-196HMRI" time="0.003">
  <properties/>
  <testcase name="testPasses_ForFirstName_WhenInputisInvalid" classname="com.bl.demo.UserRegistrationTest" time="0.002"/>
  <testcase name="testPasses_ForFirstName_WhenInputisValid" classname="com.bl.demo.UserRegistrationTest" time="0.0"/>
  <system-out><![CDATA[]]></system-out>
  <system-err><![CDATA[]]></system-err>
</testsuite>
