<?xml version="1.0" encoding="UTF-8"?>
<testsuite name="com.bl.demo.UserRegistrationTest" tests="6" skipped="0" failures="0" errors="0" timestamp="2020-04-21T19:48:22" hostname="DESKTOP-196HMRI" time="0.006">
  <properties/>
  <testcase name="testPasses_ForFullName_WhenInputisvalid" classname="com.bl.demo.UserRegistrationTest" time="0.003"/>
  <testcase name="testPasses_ForLastName_WhenInputisInvalid" classname="com.bl.demo.UserRegistrationTest" time="0.001"/>
  <testcase name="testPasses_ForFirstName_WhenInputisInvalid" classname="com.bl.demo.UserRegistrationTest" time="0.0"/>
  <testcase name="testPasses_ForFullName_WhenInputisInvalid" classname="com.bl.demo.UserRegistrationTest" time="0.0"/>
  <testcase name="testPasses_ForLastName_WhenInputisValid" classname="com.bl.demo.UserRegistrationTest" time="0.001"/>
  <testcase name="testPasses_ForFirstName_WhenInputisValid" classname="com.bl.demo.UserRegistrationTest" time="0.0"/>
  <system-out><![CDATA[]]></system-out>
  <system-err><![CDATA[]]></system-err>
</testsuite>
